{
  "RSpec": {
    "coverage": {
      "/Users/madeleinejohnson/Ada/project-forks/FarMar/far_mar.rb": [
        1,
        null,
        1,
        null,
        1,
        1,
        1,
        1
      ],
      "/Users/madeleinejohnson/Ada/project-forks/FarMar/lib/market.rb": [
        null,
        1,
        1,
        null,
        1,
        1,
        1,
        null,
        1,
        2002,
        2002,
        2002,
        2002,
        2002,
        2002,
        2002,
        null,
        null,
        1,
        4,
        4,
        2000,
        null,
        4,
        null,
        null,
        1,
        1,
        2,
        1,
        null,
        null,
        null,
        null,
        1,
        1,
        1,
        2690,
        3,
        null,
        null,
        1,
        1,
        null,
        null,
        null,
        null
      ],
      "/Users/madeleinejohnson/Ada/project-forks/FarMar/lib/vendor.rb": [
        1,
        1,
        1,
        null,
        1,
        10767,
        10767,
        10767,
        10767,
        null,
        null,
        1,
        4,
        4,
        10760,
        null,
        4,
        null,
        null,
        1,
        1,
        464,
        1,
        null,
        null,
        null,
        null,
        1,
        1,
        1,
        3,
        1,
        1,
        null,
        null,
        1,
        null,
        null,
        1,
        null,
        null,
        null,
        null,
        null,
        null,
        null,
        null,
        null,
        null,
        null,
        null,
        null,
        null,
        null,
        null,
        null,
        null
      ],
      "/Users/madeleinejohnson/Ada/project-forks/FarMar/lib/product.rb": [
        1,
        1,
        1,
        null,
        1,
        24580,
        24580,
        24580,
        null,
        null,
        1,
        3,
        3,
        24579,
        null,
        3,
        null,
        null,
        1,
        1,
        8166,
        1,
        null,
        null,
        null,
        null,
        null
      ],
      "/Users/madeleinejohnson/Ada/project-forks/FarMar/lib/sale.rb": [
        1,
        1,
        1,
        null,
        1,
        38395,
        38395,
        38395,
        38395,
        38395,
        null,
        null,
        null,
        1,
        3,
        3,
        38394,
        null,
        3,
        null,
        null,
        1,
        1,
        6666,
        1,
        null,
        null,
        null,
        null,
        null,
        null
      ],
      "/Users/madeleinejohnson/Ada/project-forks/FarMar/specs/product_spec.rb": [
        1,
        1,
        null,
        1,
        1,
        1,
        1,
        1,
        null,
        null,
        null,
        1,
        1,
        1,
        null,
        null,
        null,
        1,
        1,
        1,
        1,
        null,
        null,
        null
      ],
      "/Users/madeleinejohnson/Ada/project-forks/FarMar/specs/sale_spec.rb": [
        1,
        1,
        null,
        1,
        1,
        1,
        1,
        1,
        null,
        null,
        null,
        1,
        1,
        1,
        null,
        null,
        null,
        1,
        1,
        1,
        1,
        null,
        null,
        null
      ],
      "/Users/madeleinejohnson/Ada/project-forks/FarMar/specs/vendor_spec.rb": [
        1,
        1,
        null,
        1,
        null,
        1,
        1,
        1,
        1,
        null,
        null,
        null,
        1,
        1,
        1,
        null,
        null,
        null,
        1,
        1,
        1,
        1,
        null,
        null,
        null,
        1,
        1,
        1,
        1,
        null,
        null,
        null,
        1,
        1,
        1,
        1,
        null,
        null,
        null
      ]
    },
    "timestamp": 1473272853
  }
}
