{
  "RSpec": {
    "coverage": {
      "/Users/madeleinejohnson/Ada/project-forks/FarMar/far_mar.rb": [
        1,
        null,
        1,
        null,
        1,
        1,
        1,
        1
      ],
      "/Users/madeleinejohnson/Ada/project-forks/FarMar/lib/market.rb": [
        1,
        1,
        1,
        null,
        1,
        2002,
        2002,
        2002,
        2002,
        2002,
        2002,
        2002,
        null,
        null,
        1,
        4,
        4,
        2000,
        null,
        4,
        null,
        null,
        1,
        1,
        2,
        1,
        null,
        null,
        null,
        null,
        1,
        1,
        1,
        2690,
        3,
        null,
        null,
        1,
        1,
        null,
        null,
        null,
        null,
        null,
        null,
        null,
        null,
        null,
        null,
        null,
        null,
        null,
        null
      ],
      "/Users/madeleinejohnson/Ada/project-forks/FarMar/lib/product.rb": [
        1,
        1,
        1,
        null,
        1,
        49162,
        49162,
        49162,
        null,
        null,
        1,
        6,
        6,
        49158,
        null,
        6,
        null,
        null,
        1,
        1,
        8166,
        1,
        null,
        null,
        null,
        null,
        1,
        1,
        1,
        7,
        1,
        1,
        null,
        null,
        1,
        null,
        null,
        1,
        1,
        1,
        12798,
        2,
        null,
        null,
        1,
        null,
        null,
        1,
        1,
        1,
        12798,
        2,
        null,
        null,
        1,
        null,
        null,
        1,
        1,
        1,
        8193,
        4,
        null,
        null,
        1,
        null,
        null,
        null,
        null,
        null,
        null,
        null,
        null,
        null,
        null,
        null,
        null,
        null,
        null,
        null,
        null,
        null,
        1,
        1,
        1,
        1,
        12798,
        null,
        1,
        12798,
        null,
        1,
        5385,
        null,
        null,
        null,
        null,
        null,
        null,
        null,
        null,
        null,
        null,
        null,
        null,
        1,
        1,
        1,
        1,
        null,
        null,
        null,
        null,
        null,
        null,
        null,
        null,
        null,
        null,
        null,
        null,
        null,
        null,
        null,
        null,
        null,
        null,
        null,
        null,
        null,
        null,
        null,
        null,
        null,
        null,
        null,
        null,
        null,
        null,
        null,
        null,
        null,
        null,
        null
      ],
      "/Users/madeleinejohnson/Ada/project-forks/FarMar/lib/sale.rb": [
        1,
        1,
        1,
        null,
        1,
        127983,
        127983,
        127983,
        127983,
        127983,
        null,
        null,
        null,
        1,
        10,
        10,
        127980,
        null,
        10,
        null,
        null,
        1,
        1,
        6666,
        1,
        null,
        null,
        null,
        null,
        1,
        1,
        1,
        3,
        1,
        1,
        null,
        null,
        1,
        null,
        null,
        1,
        1,
        1,
        4,
        1,
        1,
        null,
        null,
        1,
        null,
        null,
        1,
        1,
        1,
        12798,
        12798,
        12798,
        12798,
        1113,
        null,
        null,
        1,
        null,
        null,
        null,
        null,
        null,
        null
      ],
      "/Users/madeleinejohnson/Ada/project-forks/FarMar/lib/vendor.rb": [
        1,
        1,
        1,
        null,
        1,
        18839,
        18839,
        18839,
        18839,
        null,
        null,
        1,
        7,
        7,
        18830,
        null,
        7,
        null,
        null,
        1,
        1,
        464,
        1,
        null,
        null,
        null,
        null,
        1,
        1,
        1,
        3,
        1,
        1,
        null,
        null,
        1,
        null,
        null,
        1,
        1,
        1,
        8193,
        5,
        null,
        null,
        1,
        null,
        null,
        1,
        1,
        1,
        12798,
        8,
        null,
        null,
        1,
        null,
        null,
        1,
        1,
        1,
        12798,
        8,
        null,
        null,
        1,
        null,
        null,
        1,
        1,
        1,
        2690,
        3,
        null,
        null,
        1,
        null,
        null,
        null,
        null,
        null,
        null,
        null,
        null,
        null,
        null,
        null,
        null,
        null
      ],
      "/Users/madeleinejohnson/Ada/project-forks/FarMar/specs/product_spec.rb": [
        1,
        1,
        null,
        1,
        1,
        null,
        null,
        null,
        2,
        null,
        1,
        1,
        null,
        null,
        null,
        1,
        1,
        1,
        null,
        null,
        null,
        1,
        1,
        1,
        1,
        null,
        null,
        null,
        1,
        1,
        1,
        1,
        null,
        null,
        null,
        1,
        1,
        1,
        1,
        1,
        2,
        null,
        1,
        null,
        null,
        null,
        1,
        1,
        1,
        1,
        null,
        null,
        null,
        1,
        1,
        1,
        null,
        null,
        null,
        null,
        null,
        1,
        1,
        1,
        null,
        null,
        null,
        null,
        null,
        null,
        null,
        null,
        null,
        null
      ],
      "/Users/madeleinejohnson/Ada/project-forks/FarMar/specs/sale_spec.rb": [
        1,
        1,
        null,
        1,
        null,
        1,
        null,
        2,
        null,
        null,
        1,
        1,
        null,
        null,
        null,
        1,
        1,
        1,
        null,
        null,
        null,
        1,
        1,
        1,
        1,
        null,
        null,
        null,
        1,
        1,
        1,
        1,
        null,
        null,
        null,
        1,
        1,
        1,
        1,
        null,
        null,
        null,
        null,
        1,
        1,
        1,
        null,
        null,
        null,
        null
      ],
      "/Users/madeleinejohnson/Ada/project-forks/FarMar/specs/vendor_spec.rb": [
        1,
        1,
        null,
        1,
        null,
        1,
        null,
        1,
        1,
        null,
        null,
        1,
        1,
        null,
        null,
        null,
        1,
        1,
        1,
        null,
        null,
        null,
        1,
        1,
        1,
        1,
        null,
        null,
        null,
        1,
        1,
        1,
        1,
        null,
        null,
        null,
        1,
        1,
        1,
        1,
        1,
        5,
        null,
        1,
        null,
        null,
        null,
        1,
        1,
        1,
        1,
        1,
        8,
        null,
        1,
        null,
        null,
        null,
        1,
        1,
        1,
        1,
        null,
        null,
        null,
        1,
        1,
        1,
        null,
        null,
        null,
        null,
        null,
        null,
        null,
        null,
        null,
        null,
        null,
        null
      ]
    },
    "timestamp": 1473457482
  }
}
